


ARM Macro Assembler    Page 1 


    1 00000000         ; Pulse.s
    2 00000000         ; Routine for creating a pulse train using interrupts
    3 00000000         ; This uses Channel 0, and a 1MHz Timer Clock (_TAPR = 1
                       5 )
    4 00000000         ; Uses Timer0A to create pulse train on PF2
    5 00000000         
    6 00000000         ;Nested Vector Interrupt Controller registers
    7 00000000 00080000 
                       NVIC_EN0_INT19
                               EQU              0x00080000  ; Interrupt 19 enab
                                                            le
    8 00000000 E000E100 
                       NVIC_EN0
                               EQU              0xE000E100  ; IRQ 0 to 31 Set E
                                                            nable Register
    9 00000000 E000E410 
                       NVIC_PRI4
                               EQU              0xE000E410  ; IRQ 16 to 19 Prio
                                                            rity Register
   10 00000000         
   11 00000000         ; 16/32 Timer Registers
   12 00000000 40030000 
                       TIMER0_CFG
                               EQU              0x40030000
   13 00000000 40030004 
                       TIMER0_TAMR
                               EQU              0x40030004
   14 00000000 4003000C 
                       TIMER0_CTL
                               EQU              0x4003000C
   15 00000000 40030018 
                       TIMER0_IMR
                               EQU              0x40030018
   16 00000000 4003001C 
                       TIMER0_RIS
                               EQU              0x4003001C  ; Timer Interrupt S
                                                            tatus
   17 00000000 40030024 
                       TIMER0_ICR
                               EQU              0x40030024  ; Timer Interrupt C
                                                            lear
   18 00000000 40030028 
                       TIMER0_TAILR
                               EQU              0x40030028  ; Timer interval
   19 00000000 40030038 
                       TIMER0_TAPR
                               EQU              0x40030038
   20 00000000 40030048 
                       TIMER0_TAR
                               EQU              0x40030048  ; Timer register
   21 00000000         
   22 00000000         ;GPIO Registers
   23 00000000 40025010 
                       GPIO_PORTF_DATA
                               EQU              0x40025010  ; Access BIT2
   24 00000000 40025400 
                       GPIO_PORTF_DIR
                               EQU              0x40025400  ; Port Direction
   25 00000000 40025420 



ARM Macro Assembler    Page 2 


                       GPIO_PORTF_AFSEL
                               EQU              0x40025420  ; Alt Function enab
                                                            le
   26 00000000 4002551C 
                       GPIO_PORTF_DEN
                               EQU              0x4002551C  ; Digital Enable
   27 00000000 40025528 
                       GPIO_PORTF_AMSEL
                               EQU              0x40025528  ; Analog enable
   28 00000000 4002552C 
                       GPIO_PORTF_PCTL
                               EQU              0x4002552C  ; Alternate Functio
                                                            ns
   29 00000000         
   30 00000000         ;System Registers
   31 00000000 400FE608 
                       SYSCTL_RCGCGPIO
                               EQU              0x400FE608  ; GPIO Gate Control
                                                            
   32 00000000 400FE604 
                       SYSCTL_RCGCTIMER
                               EQU              0x400FE604  ; GPTM Gate Control
                                                            
   33 00000000         
   34 00000000         ;---------------------------------------------------
   35 00000000 00000014 
                       LOW     EQU              20
   36 00000000 0000001E 
                       HIGH    EQU              30
   37 00000000         ;---------------------------------------------------
   38 00000000         
   39 00000000                 AREA             routines, CODE, READONLY
   40 00000000                 THUMB
   41 00000000                 EXPORT           My_Timer0A_Handler
   42 00000000                 EXPORT           PULSE_INIT
   43 00000000         
   44 00000000         ;---------------------------------------------------    
                        
   46 00000000         My_Timer0A_Handler
                               PROC
   47 00000000 E92D 5FFF       PUSH             {LR,R0-R12}
   48 00000004 4832            LDR              R0, =GPIO_PORTF_DATA
   49 00000006 6801            LDR              R1, [R0]
   50 00000008 F081 0104       EOR              R1, #0x04
   51 0000000C 6001            STR              R1, [R0]
   52 0000000E 2904            CMP              R1, #0x04
   53 00000010 D102            BNE              jump
   54 00000012 F04F 021E       LDR              R2, =HIGH
   55 00000016 E001            B                finish
   56 00000018         
   57 00000018 F04F 0214 
                       jump    LDR              R2, =LOW
   58 0000001C         
   59 0000001C 492D    finish  LDR              R1, =TIMER0_TAILR ; initialize 
                                                            match clocks
   60 0000001E 600A            STR              R2, [R1]
   61 00000020 482D            LDR              R0, =TIMER0_ICR ; clear interru
                                                            pt flag
   62 00000022 F04F 0105       MOV              R1, #0x05



ARM Macro Assembler    Page 3 


   63 00000026 6001            STR              R1, [R0]
   64 00000028 E8BD 5FFF       POP              {LR,R0-R12}
   65 0000002C 4770            BX               LR
   66 0000002E                 ENDP
   67 0000002E         ;---------------------------------------------------
   68 0000002E         
   69 0000002E         PULSE_INIT
                               PROC
   70 0000002E 492B            LDR              R1, =SYSCTL_RCGCGPIO 
                                                            ; start GPIO clock
   71 00000030 6808            LDR              R0, [R1]
   72 00000032 F040 0020       ORR              R0, R0, #0x20 ; set bit 5 for p
                                                            ort F
   73 00000036 6008            STR              R0, [R1]
   74 00000038 BF00            NOP                          ; allow clock to se
                                                            ttle
   75 0000003A BF00            NOP
   76 0000003C BF00            NOP
   77 0000003E 4928            LDR              R1, =GPIO_PORTF_DIR ; set direc
                                                            tion of PF2
   78 00000040 6808            LDR              R0, [R1]
   79 00000042 F040 0004       ORR              R0, R0, #0x04 ; set bit2 for ou
                                                            tput
   80 00000046 6008            STR              R0, [R1]
   81 00000048 4926            LDR              R1, =GPIO_PORTF_AFSEL ; regular
                                                             port function
   82 0000004A 6808            LDR              R0, [R1]
   83 0000004C F020 0004       BIC              R0, R0, #0x04
   84 00000050 6008            STR              R0, [R1]
   85 00000052 4925            LDR              R1, =GPIO_PORTF_PCTL ; no alter
                                                            nate function
   86 00000054 6808            LDR              R0, [R1]
   87 00000056 F420 6070       BIC              R0, R0, #0x00000F00
   88 0000005A 6008            STR              R0, [R1]
   89 0000005C 4923            LDR              R1, =GPIO_PORTF_AMSEL 
                                                            ; disable analog
   90 0000005E F04F 0000       MOV              R0, #0
   91 00000062 6008            STR              R0, [R1]
   92 00000064 4922            LDR              R1, =GPIO_PORTF_DEN ; enable po
                                                            rt digital
   93 00000066 6808            LDR              R0, [R1]
   94 00000068 F040 0004       ORR              R0, R0, #0x04
   95 0000006C 6008            STR              R0, [R1]
   96 0000006E         
   97 0000006E 4921            LDR              R1, =SYSCTL_RCGCTIMER 
                                                            ; Start Timer0
   98 00000070 680A            LDR              R2, [R1]
   99 00000072 F042 0201       ORR              R2, R2, #0x01
  100 00000076 600A            STR              R2, [R1]
  101 00000078 BF00            NOP                          ; allow clock to se
                                                            ttle
  102 0000007A BF00            NOP
  103 0000007C BF00            NOP
  104 0000007E 491E            LDR              R1, =TIMER0_CTL ; disable timer
                                                             during setup LDR R
                                                            2, [R1]
  105 00000080 F022 0201       BIC              R2, R2, #0x01
  106 00000084 600A            STR              R2, [R1]
  107 00000086 491D            LDR              R1, =TIMER0_CFG 



ARM Macro Assembler    Page 4 


                                                            ; set 16 bit mode
  108 00000088 F04F 0204       MOV              R2, #0x04
  109 0000008C 600A            STR              R2, [R1]
  110 0000008E 491C            LDR              R1, =TIMER0_TAMR
  111 00000090 F04F 0202       MOV              R2, #0x02   ; set to periodic, 
                                                            count down
  112 00000094 600A            STR              R2, [R1]
  113 00000096 490F            LDR              R1, =TIMER0_TAILR ; initialize 
                                                            match clocks
  114 00000098 F04F 0214       LDR              R2, =LOW
  115 0000009C 600A            STR              R2, [R1]
  116 0000009E 4919            LDR              R1, =TIMER0_TAPR
  117 000000A0 F04F 020F       MOV              R2, #15     ; divide clock by 1
                                                            6 to
  118 000000A4 600A            STR              R2, [R1]    ; get 1us clocks
  119 000000A6 4918            LDR              R1, =TIMER0_IMR ; enable timeou
                                                            t interrupt
  120 000000A8 F04F 0201       MOV              R2, #0x01
  121 000000AC 600A            STR              R2, [R1]
  122 000000AE         ; Configure interrupt priorities
  123 000000AE         ; Timer0A is interrupt #19.
  124 000000AE         ; Interrupts 16-19 are handled by NVIC register PRI4.
  125 000000AE         ; Interrupt 19 is controlled by bits 31:29 of PRI4.
  126 000000AE         ; set NVIC interrupt 19 to priority 2
  127 000000AE 4917            LDR              R1, =NVIC_PRI4
  128 000000B0 680A            LDR              R2, [R1]
  129 000000B2 F022 427F       AND              R2, R2, #0x00FFFFFF ; clear int
                                                            errupt 19 priority
  130 000000B6 F042 4280       ORR              R2, R2, #0x40000000 ; set inter
                                                            rupt 19 priority to
                                                             2
  131 000000BA 600A            STR              R2, [R1]
  132 000000BC         ; NVIC has to be enabled
  133 000000BC         ; Interrupts 0-31 are handled by NVIC register EN0
  134 000000BC         ; Interrupt 19 is controlled by bit 19
  135 000000BC         ; enable interrupt 19 in NVIC
  136 000000BC 4914            LDR              R1, =NVIC_EN0
  137 000000BE F2C0 0208       MOVT             R2, #0x08   ; set bit 19 to ena
                                                            ble interrupt 19
  138 000000C2 600A            STR              R2, [R1]
  139 000000C4         ; Enable timer
  140 000000C4 490C            LDR              R1, =TIMER0_CTL
  141 000000C6 680A            LDR              R2, [R1]
  142 000000C8 F042 0203       ORR              R2, R2, #0x03 ; set bit0 to ena
                                                            ble
  143 000000CC 600A            STR              R2, [R1]    ; and bit 1 to stal
                                                            l on debug
  144 000000CE 4770            BX               LR          ; return
  145 000000D0                 ENDP
  146 000000D0                 END
              40025010 
              40030028 
              40030024 
              400FE608 
              40025400 
              40025420 
              4002552C 
              40025528 
              4002551C 



ARM Macro Assembler    Page 5 


              400FE604 
              4003000C 
              40030000 
              40030004 
              40030038 
              40030018 
              E000E410 
              E000E100 
Command Line: --debug --xref --diag_suppress=9931 --cpu=Cortex-M4.fp --apcs=int
erwork --depend=.\objects\pulse.d -o.\objects\pulse.o -I.\RTE\_Target_1 -IC:\Ke
il_v5\ARM\PACK\Keil\TM4C_DFP\1.1.0\Device\Include\TM4C123 -IC:\Keil_v5\ARM\CMSI
S\Include --predefine="__EVAL SETA 1" --predefine="__UVISION_VERSION SETA 526" 
--predefine="TM4C123GH6PM SETA 1" --list=.\listings\pulse.lst Pulse.s



ARM Macro Assembler    Page 1 Alphabetic symbol ordering
Relocatable symbols

My_Timer0A_Handler 00000000

Symbol: My_Timer0A_Handler
   Definitions
      At line 46 in file Pulse.s
   Uses
      At line 41 in file Pulse.s
Comment: My_Timer0A_Handler used once
PULSE_INIT 0000002E

Symbol: PULSE_INIT
   Definitions
      At line 69 in file Pulse.s
   Uses
      At line 42 in file Pulse.s
Comment: PULSE_INIT used once
finish 0000001C

Symbol: finish
   Definitions
      At line 59 in file Pulse.s
   Uses
      At line 55 in file Pulse.s
Comment: finish used once
jump 00000018

Symbol: jump
   Definitions
      At line 57 in file Pulse.s
   Uses
      At line 53 in file Pulse.s
Comment: jump used once
routines 00000000

Symbol: routines
   Definitions
      At line 39 in file Pulse.s
   Uses
      None
Comment: routines unused
5 symbols



ARM Macro Assembler    Page 1 Alphabetic symbol ordering
Absolute symbols

GPIO_PORTF_AFSEL 40025420

Symbol: GPIO_PORTF_AFSEL
   Definitions
      At line 25 in file Pulse.s
   Uses
      At line 81 in file Pulse.s
Comment: GPIO_PORTF_AFSEL used once
GPIO_PORTF_AMSEL 40025528

Symbol: GPIO_PORTF_AMSEL
   Definitions
      At line 27 in file Pulse.s
   Uses
      At line 89 in file Pulse.s
Comment: GPIO_PORTF_AMSEL used once
GPIO_PORTF_DATA 40025010

Symbol: GPIO_PORTF_DATA
   Definitions
      At line 23 in file Pulse.s
   Uses
      At line 48 in file Pulse.s
Comment: GPIO_PORTF_DATA used once
GPIO_PORTF_DEN 4002551C

Symbol: GPIO_PORTF_DEN
   Definitions
      At line 26 in file Pulse.s
   Uses
      At line 92 in file Pulse.s
Comment: GPIO_PORTF_DEN used once
GPIO_PORTF_DIR 40025400

Symbol: GPIO_PORTF_DIR
   Definitions
      At line 24 in file Pulse.s
   Uses
      At line 77 in file Pulse.s
Comment: GPIO_PORTF_DIR used once
GPIO_PORTF_PCTL 4002552C

Symbol: GPIO_PORTF_PCTL
   Definitions
      At line 28 in file Pulse.s
   Uses
      At line 85 in file Pulse.s
Comment: GPIO_PORTF_PCTL used once
HIGH 0000001E

Symbol: HIGH
   Definitions
      At line 36 in file Pulse.s
   Uses
      At line 54 in file Pulse.s
Comment: HIGH used once
LOW 00000014

Symbol: LOW



ARM Macro Assembler    Page 2 Alphabetic symbol ordering
Absolute symbols

   Definitions
      At line 35 in file Pulse.s
   Uses
      At line 57 in file Pulse.s
      At line 114 in file Pulse.s

NVIC_EN0 E000E100

Symbol: NVIC_EN0
   Definitions
      At line 8 in file Pulse.s
   Uses
      At line 136 in file Pulse.s
Comment: NVIC_EN0 used once
NVIC_EN0_INT19 00080000

Symbol: NVIC_EN0_INT19
   Definitions
      At line 7 in file Pulse.s
   Uses
      None
Comment: NVIC_EN0_INT19 unused
NVIC_PRI4 E000E410

Symbol: NVIC_PRI4
   Definitions
      At line 9 in file Pulse.s
   Uses
      At line 127 in file Pulse.s
Comment: NVIC_PRI4 used once
SYSCTL_RCGCGPIO 400FE608

Symbol: SYSCTL_RCGCGPIO
   Definitions
      At line 31 in file Pulse.s
   Uses
      At line 70 in file Pulse.s
Comment: SYSCTL_RCGCGPIO used once
SYSCTL_RCGCTIMER 400FE604

Symbol: SYSCTL_RCGCTIMER
   Definitions
      At line 32 in file Pulse.s
   Uses
      At line 97 in file Pulse.s
Comment: SYSCTL_RCGCTIMER used once
TIMER0_CFG 40030000

Symbol: TIMER0_CFG
   Definitions
      At line 12 in file Pulse.s
   Uses
      At line 107 in file Pulse.s
Comment: TIMER0_CFG used once
TIMER0_CTL 4003000C

Symbol: TIMER0_CTL
   Definitions
      At line 14 in file Pulse.s



ARM Macro Assembler    Page 3 Alphabetic symbol ordering
Absolute symbols

   Uses
      At line 104 in file Pulse.s
      At line 140 in file Pulse.s

TIMER0_ICR 40030024

Symbol: TIMER0_ICR
   Definitions
      At line 17 in file Pulse.s
   Uses
      At line 61 in file Pulse.s
Comment: TIMER0_ICR used once
TIMER0_IMR 40030018

Symbol: TIMER0_IMR
   Definitions
      At line 15 in file Pulse.s
   Uses
      At line 119 in file Pulse.s
Comment: TIMER0_IMR used once
TIMER0_RIS 4003001C

Symbol: TIMER0_RIS
   Definitions
      At line 16 in file Pulse.s
   Uses
      None
Comment: TIMER0_RIS unused
TIMER0_TAILR 40030028

Symbol: TIMER0_TAILR
   Definitions
      At line 18 in file Pulse.s
   Uses
      At line 59 in file Pulse.s
      At line 113 in file Pulse.s

TIMER0_TAMR 40030004

Symbol: TIMER0_TAMR
   Definitions
      At line 13 in file Pulse.s
   Uses
      At line 110 in file Pulse.s
Comment: TIMER0_TAMR used once
TIMER0_TAPR 40030038

Symbol: TIMER0_TAPR
   Definitions
      At line 19 in file Pulse.s
   Uses
      At line 116 in file Pulse.s
Comment: TIMER0_TAPR used once
TIMER0_TAR 40030048

Symbol: TIMER0_TAR
   Definitions
      At line 20 in file Pulse.s
   Uses



ARM Macro Assembler    Page 4 Alphabetic symbol ordering
Absolute symbols

      None
Comment: TIMER0_TAR unused
22 symbols
363 symbols in table
