


ARM Macro Assembler    Page 1 


    1 00000000         ; PROBE_PULSE.s
    2 00000000         
    3 00000000         ;Nested Vector Interrupt Controller registers
    4 00000000 00080000 
                       NVIC_EN0_INT19
                               EQU              0x00080000  ; Interrupt 19 enab
                                                            le
    5 00000000 E000E100 
                       NVIC_EN0
                               EQU              0xE000E100  ; IRQ 0 to 31 Set E
                                                            nable Register
    6 00000000 E000E414 
                       NVIC_PRI5
                               EQU              0xE000E414  ; IRQ 20 to 23 Prio
                                                            rity Register
    7 00000000         
    8 00000000         ; 16/32 Timer Registers
    9 00000000 40031000 
                       TIMER1_CFG
                               EQU              0x40031000
   10 00000000 40031004 
                       TIMER1_TAMR
                               EQU              0x40031004
   11 00000000 4003100C 
                       TIMER1_CTL
                               EQU              0x4003100C
   12 00000000 40031018 
                       TIMER1_IMR
                               EQU              0x40031018
   13 00000000 4003101C 
                       TIMER1_RIS
                               EQU              0x4003101C  ; Timer Interrupt S
                                                            tatus
   14 00000000 40031024 
                       TIMER1_ICR
                               EQU              0x40031024  ; Timer Interrupt C
                                                            lear
   15 00000000 40031028 
                       TIMER1_TAILR
                               EQU              0x40031028  ; Timer interval
   16 00000000 40031030 
                       TIMER1_TAMATCHR
                               EQU              0x40031030  ; Match Register
   17 00000000 40031038 
                       TIMER1_TAPR
                               EQU              0x40031038
   18 00000000 40031048 
                       TIMER1_TAR
                               EQU              0x40031048  ; Timer register
   19 00000000         
   20 00000000         ;GPIO Registers
   21 00000000 40005040 
                       GPIO_PORTB_DATA
                               EQU              0x40005040  ; Access PB4
   22 00000000 40005400 
                       GPIO_PORTB_DIR
                               EQU              0x40005400  ; Port Direction
   23 00000000 40005420 
                       GPIO_PORTB_AFSEL



ARM Macro Assembler    Page 2 


                               EQU              0x40005420  ; Alt Function enab
                                                            le
   24 00000000 4000551C 
                       GPIO_PORTB_DEN
                               EQU              0x4000551C  ; Digital Enable
   25 00000000 40005528 
                       GPIO_PORTB_AMSEL
                               EQU              0x40005528  ; Analog enable
   26 00000000 4000552C 
                       GPIO_PORTB_PCTL
                               EQU              0x4000552C  ; Alternate Functio
                                                            ns
   27 00000000         
   28 00000000         ;System Registers
   29 00000000 400FE608 
                       SYSCTL_RCGCGPIO
                               EQU              0x400FE608  ; GPIO Gate Control
                                                            
   30 00000000 400FE604 
                       SYSCTL_RCGCTIMER
                               EQU              0x400FE604  ; GPTM Gate Control
                                                            
   31 00000000         
   32 00000000         ;---------------------------------------------------
   33 00000000         ;LOW     EQU 20
   34 00000000         ;HIGH    EQU 30
   35 00000000         ;---------------------------------------------------
   36 00000000         
   37 00000000                 AREA             routines, CODE, READONLY
   38 00000000                 THUMB
   39 00000000                 EXPORT           My_Timer1A_Handler
   40 00000000                 EXPORT           PULSE_PROBE
   41 00000000                 EXTERN           CONVRT
   42 00000000         ;---------------------------------------------------    
                        
   44 00000000         My_Timer1A_Handler
                               PROC
   45 00000000 E92D 47FF       PUSH             {LR,R0-R10}
   46 00000004 483B            LDR              R0, =GPIO_PORTB_DATA
   47 00000006 6800            LDR              R0, [R0]
   48 00000008 F000 0010       AND              R0, #0x10
   49 0000000C 2810            CMP              R0, #0x10
   50 0000000E D11C            BNE              _negedge
   51 00000010         
   52 00000010 4839    _posedge
                               LDR              R0, =TIMER1_TAR
   53 00000012         
   54 00000012 EBAC 010B       SUB              R1, R12, R11
   55 00000016 460D            MOV              R5, R1
   56 00000018 B500            PUSH             {LR}
   57 0000001A F7FF FFFE       BL               CONVRT
   58 0000001E F85D EB04       POP              {LR}
   59 00000022         ; PERIOD
   60 00000022 EBA0 050B       SUB              R5, R0, R11
   61 00000026 B500            PUSH             {LR}
   62 00000028 F7FF FFFE       BL               CONVRT
   63 0000002C F85D EB04       POP              {LR}
   64 00000030         ; DUTY CYCLE
   65 00000030 FBB1 F5F5       UDIV             R5, R1, R5



ARM Macro Assembler    Page 3 


   66 00000034 F04F 0264       MOV              R2, #100
   67 00000038 FB05 F502       MUL              R5, R2
   68 0000003C B500            PUSH             {LR}
   69 0000003E F7FF FFFE       BL               CONVRT
   70 00000042 F85D EB04       POP              {LR}
   71 00000046         
   72 00000046 4683            MOV              R11, R0
   73 00000048 E001            B                finish
   74 0000004A         
   75 0000004A 482B    _negedge
                               LDR              R0, =TIMER1_TAR
   76 0000004C 4684            MOV              R12, R0
   77 0000004E         
   78 0000004E 482B    finish  LDR              R0, =TIMER1_ICR ; clear interru
                                                            pt flag
   79 00000050 F04F 0105       MOV              R1, #0x05
   80 00000054 6001            STR              R1, [R0]
   81 00000056 E8BD 47FF       POP              {LR,R0-R10}
   82 0000005A 4770            BX               LR
   83 0000005C                 ENDP
   84 0000005C         
   85 0000005C         
   86 0000005C         ;---------------------------------------------------
   87 0000005C         
   88 0000005C         PULSE_PROBE
                               PROC
   89 0000005C 4928            LDR              R1, =SYSCTL_RCGCGPIO 
                                                            ; start GPIO clock
   90 0000005E 6808            LDR              R0, [R1]
   91 00000060 F040 0002       ORR              R0, R0, #0x02 ; set bit 2 for p
                                                            ort B
   92 00000064 6008            STR              R0, [R1]
   93 00000066 BF00            NOP                          ; allow clock to se
                                                            ttle
   94 00000068 BF00            NOP
   95 0000006A BF00            NOP
   96 0000006C 4925            LDR              R1, =GPIO_PORTB_DIR ; set direc
                                                            tion of PB4
   97 0000006E 6808            LDR              R0, [R1]
   98 00000070 F020 0010       BIC              R0, #0x10   ; clear bit 4 for I
                                                            NPUT
   99 00000074 6008            STR              R0, [R1]
  100 00000076         
  101 00000076 4924            LDR              R1, =GPIO_PORTB_AFSEL ; enable 
                                                            port function
  102 00000078 6808            LDR              R0, [R1]
  103 0000007A F040 0010       ORR              R0, #0x10   ; set bit4 for alte
                                                            rnate fuction on PB
                                                            4
  104 0000007E 6008            STR              R0, [R1]
  105 00000080         ; Set bits 27:24 of PCTL to 7 to enable TIMER1A on PB4
  106 00000080 4922            LDR              R1, =GPIO_PORTB_PCTL
  107 00000082 6808            LDR              R0, [R1]
  108 00000084 F440 20E0       ORR              R0, R0, #0x00070000
  109 00000088 6008            STR              R0, [R1]
  110 0000008A         ; clear AMSEL to disable analog
  111 0000008A 4921            LDR              R1, =GPIO_PORTB_AMSEL
  112 0000008C F04F 0000       MOV              R0, #0
  113 00000090 6008            STR              R0, [R1]



ARM Macro Assembler    Page 4 


  114 00000092         
  115 00000092 4920            LDR              R1, =GPIO_PORTB_DEN ; enable po
                                                            rt digital
  116 00000094 6808            LDR              R0, [R1]
  117 00000096 F040 0010       ORR              R0, R0, #0x10
  118 0000009A 6008            STR              R0, [R1]
  119 0000009C         
  120 0000009C 491E            LDR              R1, =SYSCTL_RCGCTIMER 
                                                            ; Start Timer1
  121 0000009E 680A            LDR              R2, [R1]
  122 000000A0 F042 0202       ORR              R2, R2, #0x02
  123 000000A4 600A            STR              R2, [R1]
  124 000000A6 BF00            NOP                          ; allow clock to se
                                                            ttle
  125 000000A8 BF00            NOP
  126 000000AA BF00            NOP
  127 000000AC         
  128 000000AC 491B            LDR              R1, =TIMER1_CTL ; disable timer
                                                             during setup
  129 000000AE 680A            LDR              R2, [R1]
  130 000000B0 F022 0201       BIC              R2, R2, #0x01
  131 000000B4 600A            STR              R2, [R1]
  132 000000B6         ; set to 16bit Timer Mode
  133 000000B6 491A            LDR              R1, =TIMER1_CFG
  134 000000B8 F04F 0204       MOV              R2, #0x04   ; set bits 2:0 to 0
                                                            x04 for 16bit timer
                                                            
  135 000000BC 600A            STR              R2, [R1]
  136 000000BE         ; set to EDGE TIME, count DOWN
  137 000000BE 4919            LDR              R1, =TIMER1_TAMR
  138 000000C0 F04F 021F       MOV              R2, #0x1F
  139 000000C4 600A            STR              R2, [R1]
  140 000000C6         ; set edge detection to both
  141 000000C6 4915            LDR              R1, =TIMER1_CTL
  142 000000C8 680A            LDR              R2, [R1]
  143 000000CA F042 020E       ORR              R2, R2, #0x0E ; set bits 3:2 to
                                                             0x03
  144 000000CE 600A            STR              R2, [R1]
  145 000000D0         
  146 000000D0 4915            LDR              R1, =TIMER1_TAPR
  147 000000D2 F04F 020F       MOV              R2, #15     ; divide clock by 1
                                                            6 to
  148 000000D6 600A            STR              R2, [R1]    ; get 1us clocks
  149 000000D8         ; set start value
  150 000000D8 4914            LDR              R1, =TIMER1_TAILR
  151 000000DA F04F 32FF       LDR              R2, =0xFFFFFFFF
  152 000000DE 600A            STR              R2, [R1]
  153 000000E0         
  154 000000E0 4913            LDR              R1, =TIMER1_IMR ; disable timeo
                                                            ut interrupt
  155 000000E2 F04F 0200       MOV              R2, #0x00
  156 000000E6 600A            STR              R2, [R1]
  157 000000E8         
  158 000000E8         ; Enable timer
  159 000000E8 490C            LDR              R1, =TIMER1_CTL
  160 000000EA 680A            LDR              R2, [R1]
  161 000000EC F042 0201       ORR              R2, R2, #0x01 ; set bit0 to ena
                                                            ble, bit 1 to stall
                                                             on debug 



ARM Macro Assembler    Page 5 


  162 000000F0 600A            STR              R2, [R1]    ; and bit2:3 to tri
                                                            gger on BOTH EDGES
  163 000000F2                 ENDP
  164 000000F2                 END
              00 00 40005040 
              40031048 
              40031024 
              400FE608 
              40005400 
              40005420 
              4000552C 
              40005528 
              4000551C 
              400FE604 
              4003100C 
              40031000 
              40031004 
              40031038 
              40031028 
              40031018 
Command Line: --debug --xref --diag_suppress=9931 --cpu=Cortex-M4.fp --apcs=int
erwork --depend=.\objects\probe_pulse.d -o.\objects\probe_pulse.o -I.\RTE\_Targ
et_1 -IC:\Keil_v5\ARM\PACK\Keil\TM4C_DFP\1.1.0\Device\Include\TM4C123 -IC:\Keil
_v5\ARM\CMSIS\Include --predefine="__EVAL SETA 1" --predefine="__UVISION_VERSIO
N SETA 526" --predefine="TM4C123GH6PM SETA 1" --list=.\listings\probe_pulse.lst
 PROBE_PULSE.s



ARM Macro Assembler    Page 1 Alphabetic symbol ordering
Relocatable symbols

My_Timer1A_Handler 00000000

Symbol: My_Timer1A_Handler
   Definitions
      At line 44 in file PROBE_PULSE.s
   Uses
      At line 39 in file PROBE_PULSE.s
Comment: My_Timer1A_Handler used once
PULSE_PROBE 0000005C

Symbol: PULSE_PROBE
   Definitions
      At line 88 in file PROBE_PULSE.s
   Uses
      At line 40 in file PROBE_PULSE.s
Comment: PULSE_PROBE used once
_negedge 0000004A

Symbol: _negedge
   Definitions
      At line 75 in file PROBE_PULSE.s
   Uses
      At line 50 in file PROBE_PULSE.s
Comment: _negedge used once
_posedge 00000010

Symbol: _posedge
   Definitions
      At line 52 in file PROBE_PULSE.s
   Uses
      None
Comment: _posedge unused
finish 0000004E

Symbol: finish
   Definitions
      At line 78 in file PROBE_PULSE.s
   Uses
      At line 73 in file PROBE_PULSE.s
Comment: finish used once
routines 00000000

Symbol: routines
   Definitions
      At line 37 in file PROBE_PULSE.s
   Uses
      None
Comment: routines unused
6 symbols



ARM Macro Assembler    Page 1 Alphabetic symbol ordering
Absolute symbols

GPIO_PORTB_AFSEL 40005420

Symbol: GPIO_PORTB_AFSEL
   Definitions
      At line 23 in file PROBE_PULSE.s
   Uses
      At line 101 in file PROBE_PULSE.s
Comment: GPIO_PORTB_AFSEL used once
GPIO_PORTB_AMSEL 40005528

Symbol: GPIO_PORTB_AMSEL
   Definitions
      At line 25 in file PROBE_PULSE.s
   Uses
      At line 111 in file PROBE_PULSE.s
Comment: GPIO_PORTB_AMSEL used once
GPIO_PORTB_DATA 40005040

Symbol: GPIO_PORTB_DATA
   Definitions
      At line 21 in file PROBE_PULSE.s
   Uses
      At line 46 in file PROBE_PULSE.s
Comment: GPIO_PORTB_DATA used once
GPIO_PORTB_DEN 4000551C

Symbol: GPIO_PORTB_DEN
   Definitions
      At line 24 in file PROBE_PULSE.s
   Uses
      At line 115 in file PROBE_PULSE.s
Comment: GPIO_PORTB_DEN used once
GPIO_PORTB_DIR 40005400

Symbol: GPIO_PORTB_DIR
   Definitions
      At line 22 in file PROBE_PULSE.s
   Uses
      At line 96 in file PROBE_PULSE.s
Comment: GPIO_PORTB_DIR used once
GPIO_PORTB_PCTL 4000552C

Symbol: GPIO_PORTB_PCTL
   Definitions
      At line 26 in file PROBE_PULSE.s
   Uses
      At line 106 in file PROBE_PULSE.s
Comment: GPIO_PORTB_PCTL used once
NVIC_EN0 E000E100

Symbol: NVIC_EN0
   Definitions
      At line 5 in file PROBE_PULSE.s
   Uses
      None
Comment: NVIC_EN0 unused
NVIC_EN0_INT19 00080000

Symbol: NVIC_EN0_INT19



ARM Macro Assembler    Page 2 Alphabetic symbol ordering
Absolute symbols

   Definitions
      At line 4 in file PROBE_PULSE.s
   Uses
      None
Comment: NVIC_EN0_INT19 unused
NVIC_PRI5 E000E414

Symbol: NVIC_PRI5
   Definitions
      At line 6 in file PROBE_PULSE.s
   Uses
      None
Comment: NVIC_PRI5 unused
SYSCTL_RCGCGPIO 400FE608

Symbol: SYSCTL_RCGCGPIO
   Definitions
      At line 29 in file PROBE_PULSE.s
   Uses
      At line 89 in file PROBE_PULSE.s
Comment: SYSCTL_RCGCGPIO used once
SYSCTL_RCGCTIMER 400FE604

Symbol: SYSCTL_RCGCTIMER
   Definitions
      At line 30 in file PROBE_PULSE.s
   Uses
      At line 120 in file PROBE_PULSE.s
Comment: SYSCTL_RCGCTIMER used once
TIMER1_CFG 40031000

Symbol: TIMER1_CFG
   Definitions
      At line 9 in file PROBE_PULSE.s
   Uses
      At line 133 in file PROBE_PULSE.s
Comment: TIMER1_CFG used once
TIMER1_CTL 4003100C

Symbol: TIMER1_CTL
   Definitions
      At line 11 in file PROBE_PULSE.s
   Uses
      At line 128 in file PROBE_PULSE.s
      At line 141 in file PROBE_PULSE.s
      At line 159 in file PROBE_PULSE.s

TIMER1_ICR 40031024

Symbol: TIMER1_ICR
   Definitions
      At line 14 in file PROBE_PULSE.s
   Uses
      At line 78 in file PROBE_PULSE.s
Comment: TIMER1_ICR used once
TIMER1_IMR 40031018

Symbol: TIMER1_IMR
   Definitions



ARM Macro Assembler    Page 3 Alphabetic symbol ordering
Absolute symbols

      At line 12 in file PROBE_PULSE.s
   Uses
      At line 154 in file PROBE_PULSE.s
Comment: TIMER1_IMR used once
TIMER1_RIS 4003101C

Symbol: TIMER1_RIS
   Definitions
      At line 13 in file PROBE_PULSE.s
   Uses
      None
Comment: TIMER1_RIS unused
TIMER1_TAILR 40031028

Symbol: TIMER1_TAILR
   Definitions
      At line 15 in file PROBE_PULSE.s
   Uses
      At line 150 in file PROBE_PULSE.s
Comment: TIMER1_TAILR used once
TIMER1_TAMATCHR 40031030

Symbol: TIMER1_TAMATCHR
   Definitions
      At line 16 in file PROBE_PULSE.s
   Uses
      None
Comment: TIMER1_TAMATCHR unused
TIMER1_TAMR 40031004

Symbol: TIMER1_TAMR
   Definitions
      At line 10 in file PROBE_PULSE.s
   Uses
      At line 137 in file PROBE_PULSE.s
Comment: TIMER1_TAMR used once
TIMER1_TAPR 40031038

Symbol: TIMER1_TAPR
   Definitions
      At line 17 in file PROBE_PULSE.s
   Uses
      At line 146 in file PROBE_PULSE.s
Comment: TIMER1_TAPR used once
TIMER1_TAR 40031048

Symbol: TIMER1_TAR
   Definitions
      At line 18 in file PROBE_PULSE.s
   Uses
      At line 52 in file PROBE_PULSE.s
      At line 75 in file PROBE_PULSE.s

21 symbols



ARM Macro Assembler    Page 1 Alphabetic symbol ordering
External symbols

CONVRT 00000000

Symbol: CONVRT
   Definitions
      At line 41 in file PROBE_PULSE.s
   Uses
      At line 57 in file PROBE_PULSE.s
      At line 62 in file PROBE_PULSE.s
      At line 69 in file PROBE_PULSE.s

1 symbol
364 symbols in table
